Watching for file changes with StatReloader
/home/lenovo/Desktop/new_task/logger_project/logger_project/settings.py changed, reloading.
Watching for file changes with StatReloader
/home/lenovo/Desktop/new_task/logger_project/logger_project/settings.py changed, reloading.
Watching for file changes with StatReloader
/home/lenovo/Desktop/new_task/logger_project/logger_project/settings.py changed, reloading.
Watching for file changes with StatReloader
/home/lenovo/Desktop/new_task/logger_project/logger_project/settings.py changed, reloading.
Watching for file changes with StatReloader
/home/lenovo/Desktop/new_task/logger_project/logger_project/settings.py changed, reloading.
Watching for file changes with StatReloader
"GET /home/ HTTP/1.1" 200 23
/home/lenovo/Desktop/new_task/logger_project/application/views.py changed, reloading.
Watching for file changes with StatReloader
"GET /home/ HTTP/1.1" 200 23
/home/lenovo/Desktop/new_task/logger_project/logger_project/settings.py changed, reloading.
Watching for file changes with StatReloader
"GET /home/ HTTP/1.1" 200 23
/home/lenovo/Desktop/new_task/logger_project/logger_project/settings.py changed, reloading.
Watching for file changes with StatReloader
"GET /home/ HTTP/1.1" 200 23
/home/lenovo/Desktop/new_task/logger_project/logger_project/settings.py changed, reloading.
Watching for file changes with StatReloader
/home/lenovo/Desktop/new_task/logger_project/logger_project/settings.py changed, reloading.
Watching for file changes with StatReloader
/home/lenovo/Desktop/new_task/logger_project/logger_project/settings.py changed, reloading.
Watching for file changes with StatReloader
Watching for file changes with StatReloader
/home/lenovo/Desktop/new_task/logger_project/logger_project/settings.py changed, reloading.
/home/lenovo/Desktop/new_task/logger_project/logger_project/settings.py changed, reloading.
Watching for file changes with StatReloader
Watching for file changes with StatReloader
/home/lenovo/Desktop/new_task/logger_project/logger_project/settings.py changed, reloading.
/home/lenovo/Desktop/new_task/logger_project/logger_project/settings.py changed, reloading.
Watching for file changes with StatReloader
Watching for file changes with StatReloader
Hello Manish What are you doing today !
"GET /home/ HTTP/1.1" 200 23
"GET /home/ HTTP/1.1" 200 23
Hello Manish What are you doing today !
"GET /home/ HTTP/1.1" 200 23
"GET /home/ HTTP/1.1" 200 23
/home/lenovo/Desktop/new_task/logger_project/logger_project/settings.py changed, reloading.
/home/lenovo/Desktop/new_task/logger_project/logger_project/settings.py changed, reloading.
Watching for file changes with StatReloader
Watching for file changes with StatReloader
Hello Manish What are you doing today !
"GET /home/ HTTP/1.1" 200 23
"GET /home/ HTTP/1.1" 200 23
/home/lenovo/Desktop/new_task/logger_project/logger_project/settings.py changed, reloading.
/home/lenovo/Desktop/new_task/logger_project/logger_project/settings.py changed, reloading.
Watching for file changes with StatReloader
Watching for file changes with StatReloader
/home/lenovo/Desktop/new_task/logger_project/logger_project/settings.py changed, reloading.
/home/lenovo/Desktop/new_task/logger_project/logger_project/settings.py changed, reloading.
Watching for file changes with StatReloader
Watching for file changes with StatReloader
/home/lenovo/Desktop/new_task/logger_project/logger_project/settings.py changed, reloading.
/home/lenovo/Desktop/new_task/logger_project/logger_project/settings.py changed, reloading.
Watching for file changes with StatReloader
Watching for file changes with StatReloader
Hello Manish What are you doing today !
"GET /home/ HTTP/1.1" 200 23
"GET /home/ HTTP/1.1" 200 23
Hello Manish What are you doing today !
"GET /home/ HTTP/1.1" 200 23
"GET /home/ HTTP/1.1" 200 23
Hello Manish What are you doing today !
"GET /home/ HTTP/1.1" 200 23
"GET /home/ HTTP/1.1" 200 23
Watching for file changes with StatReloader
Watching for file changes with StatReloader
Watching for file changes with StatReloader
Watching for file changes with StatReloader
Not Found: /
Not Found: /
"GET / HTTP/1.1" 404 2401
"GET / HTTP/1.1" 404 2401
